<testsuites>
  <testsuite name="tests.dll" tests="43" skipped="0" failures="0" errors="0" time="0.1404043" timestamp="2024-10-10T12:05:53" hostname="h3" id="0" package="tests.dll">
    <properties />
    <testcase classname="tests.UnitTestFraction" name="TestDenominatorZero" time="0.0050495" />
    <testcase classname="tests.DemoUnitTest" name="TestPrintHello" time="0.0058234" />
    <testcase classname="tests.UnitTestShape" name="TestRectangleConstructor" time="0.0015310" />
    <testcase classname="tests.UnitTestShape" name="TestCircleConstructor" time="0.0000855" />
    <testcase classname="tests.UnitTestShape" name="TestCirclePerimeter" time="0.0004350" />
    <testcase classname="tests.DemoUnitTest" name="CanAddTheory(value1: -2, value2: 2, expected: 0)" time="0.0035343" />
    <testcase classname="tests.RectangleUnitTest" name="TestRectangleArea" time="0.0173092" />
    <testcase classname="tests.UnitTestQF" name="TestMethodSetInstanceIndividually" time="0.0141511" />
    <testcase classname="tests.CircleUnitTest" name="TestCircleArea" time="0.0167374" />
    <testcase classname="tests.UnitTestQF" name="TestDefaultConstructor" time="0.0024786" />
    <testcase classname="tests.DemoUnitTest" name="CanAddTheory(value1: -2147483648, value2: -1, expected: 2147483647)" time="0.0064883" />
    <testcase classname="tests.DemoUnitTest" name="CanAddTheory(value1: -4, value2: -6, expected: -10)" time="0.0000148" />
    <testcase classname="tests.DemoUnitTest" name="CanAddTheory(value1: 1, value2: 2, expected: 3)" time="0.0000078" />
    <testcase classname="tests.UnitTestQF" name="TestMethodSetAZero" time="0.0004308" />
    <testcase classname="tests.UnitTestQF" name="TestMethodDNeg" time="0.0003666" />
    <testcase classname="tests.UnitTestQF" name="TestMethodSimple" time="0.0001653" />
    <testcase classname="tests.UnitTestQF" name="TestMethodAZero" time="0.0002700" />
    <testcase classname="tests.UnitTestQF" name="TestGetST" time="0.0002160" />
    <testcase classname="tests.UnitTestQF" name="TestMethodDZero" time="0.0007961" />
    <testcase classname="tests.DemoUnitTest" name="TestAddToStack" time="0.0068131" />
    <testcase classname="tests.RectangleUnitTest" name="TestRectangleToString" time="0.0098945" />
    <testcase classname="tests.CircleUnitTest" name="TestCircleToString" time="0.0097439" />
    <testcase classname="tests.CircleUnitTest" name="TestCirclePerimeter" time="0.0001122" />
    <testcase classname="tests.UnitTestFraction" name="TestAddFraction" time="0.0186524" />
    <testcase classname="tests.UnitTestFraction" name="TestConstructorInteger" time="0.0004157" />
    <testcase classname="tests.UnitTestFraction" name="TestGCD" time="0.0001660" />
    <testcase classname="tests.UnitTestFraction" name="TestDivideFraction" time="0.0001838" />
    <testcase classname="tests.UnitTestFraction" name="TestAddFraction_2" time="0.0001115" />
    <testcase classname="tests.UnitTestFraction" name="TestMultiplyInteger" time="0.0000407" />
    <testcase classname="tests.UnitTestFraction" name="TestGetHashCode" time="0.0004054" />
    <testcase classname="tests.UnitTestFraction" name="TestToString" time="0.0002485" />
    <testcase classname="tests.UnitTestFraction" name="TestMinusFraction" time="0.0000567" />
    <testcase classname="tests.RectangleUnitTest" name="TestRectanglePerimeter" time="0.0027977" />
    <testcase classname="tests.UnitTestFraction" name="TestEqualNull" time="0.0002040" />
    <testcase classname="tests.UnitTestFraction" name="TestConstructorNonInteger" time="0.0004669" />
    <testcase classname="tests.UnitTestFraction" name="TestMultiplyFraction" time="0.0001909" />
    <testcase classname="tests.DemoUnitTest" name="TestEchoInput" time="0.0041498" />
    <testcase classname="tests.DemoUnitTest" name="TestAssertTrue" time="0.0000379" />
    <testcase classname="tests.DemoUnitTest" name="TestAssertFalse" time="0.0000242" />
    <testcase classname="tests.DemoUnitTest" name="TestAssertEqual" time="0.0000440" />
    <testcase classname="tests.DemoUnitTest" name="TestAssertNull" time="0.0000680" />
    <testcase classname="tests.DemoUnitTest" name="TestWaitForEscape" time="0.0096337" />
    <testcase classname="tests.DemoUnitTest" name="TestAssertNotNull" time="0.0000521" />
    <system-out>
Test Framework Informational Messages:
[xUnit.net 00:00:00.00] xUnit.net VSTest Adapter v2.4.5+1caef2f33e (64-bit .NET 8.0.10)
[xUnit.net 00:00:00.64]   Discovering: tests
[xUnit.net 00:00:00.70]   Discovered:  tests
[xUnit.net 00:00:00.71]   Starting:    tests
[xUnit.net 00:00:00.93]   Finished:    tests
</system-out>
    <system-err></system-err>
  </testsuite>
</testsuites>